This is pdfTeX, Version 3.14159265-2.6-1.40.19 (TeX Live 2018) (preloaded format=pdflatex 2018.10.14)  11 JUN 2020 03:09
entering extended mode
 restricted \write18 enabled.
 file:line:error style messages enabled.
 %&-line parsing enabled.
**paper.tex
(./paper.tex
LaTeX2e <2018-04-01> patch level 2
Babel <3.18> and hyphenation patterns for 84 language(s) loaded.
(/usr/local/texlive/2018/texmf-dist/tex/latex/tufte-latex/tufte-book.cls
Document Class: tufte-book 2015/06/21 v3.5.2 Tufte-book class
(/usr/local/texlive/2018/texmf-dist/tex/latex/tufte-latex/tufte-common.def
File: tufte-common.def 2015/06/21 v3.5.2 Common code for the Tufte-LaTeX styles
 (/usr/local/texlive/2018/texmf-dist/tex/latex/xkeyval/xkeyval.sty
Package: xkeyval 2014/12/03 v2.7a package option processing (HA)
 (/usr/local/texlive/2018/texmf-dist/tex/generic/xkeyval/xkeyval.tex (/usr/local/texlive/2018/texmf-dist/tex/generic/xkeyval/xkvutils.tex
\XKV@toks=\toks14
\XKV@tempa@toks=\toks15
 (/usr/local/texlive/2018/texmf-dist/tex/generic/xkeyval/keyval.tex))
\XKV@depth=\count80
File: xkeyval.tex 2014/12/03 v2.7a key=value parser (HA)
)) (/usr/local/texlive/2018/texmf-dist/tex/latex/xifthen/xifthen.sty
Package: xifthen 2015/11/05 v1.4.0 Extended ifthen features
 (/usr/local/texlive/2018/texmf-dist/tex/latex/tools/calc.sty
Package: calc 2017/05/25 v4.3 Infix arithmetic (KKT,FJ)
\calc@Acount=\count81
\calc@Bcount=\count82
\calc@Adimen=\dimen102
\calc@Bdimen=\dimen103
\calc@Askip=\skip41
\calc@Bskip=\skip42
LaTeX Info: Redefining \setlength on input line 80.
LaTeX Info: Redefining \addtolength on input line 81.
\calc@Ccount=\count83
\calc@Cskip=\skip43
) (/usr/local/texlive/2018/texmf-dist/tex/latex/base/ifthen.sty
Package: ifthen 2014/09/29 v1.1c Standard LaTeX ifthen package (DPC)
) (/usr/local/texlive/2018/texmf-dist/tex/latex/ifmtarg/ifmtarg.sty
Package: ifmtarg 2009/09/02 v1.2a check for an empty argument
)) (/usr/local/texlive/2018/texmf-dist/tex/latex/hardwrap/hardwrap.sty
Package: hardwrap 2011/02/12 v0.2 Hard wrap messages
 (/usr/local/texlive/2018/texmf-dist/tex/latex/ifplatform/ifplatform.sty
Package: ifplatform 2017/10/13 v0.4a Testing for the operating system
 (/usr/local/texlive/2018/texmf-dist/tex/latex/tools/shellesc.sty
Package: shellesc 2016/06/07 v0.02a unified shell escape interface for LaTeX
Package shellesc Info: Restricted shell escape enabled on input line 69.
) (/usr/local/texlive/2018/texmf-dist/tex/generic/oberdiek/pdftexcmds.sty
Package: pdftexcmds 2018/01/30 v0.27 Utility functions of pdfTeX for LuaTeX (HO)
 (/usr/local/texlive/2018/texmf-dist/tex/generic/oberdiek/infwarerr.sty
Package: infwarerr 2016/05/16 v1.4 Providing info/warning/error messages (HO)
) (/usr/local/texlive/2018/texmf-dist/tex/generic/oberdiek/ifluatex.sty
Package: ifluatex 2016/05/16 v1.4 Provides the ifluatex switch (HO)
Package ifluatex Info: LuaTeX not detected.
) (/usr/local/texlive/2018/texmf-dist/tex/generic/oberdiek/ltxcmds.sty
Package: ltxcmds 2016/05/16 v1.23 LaTeX kernel commands for general use (HO)
) (/usr/local/texlive/2018/texmf-dist/tex/generic/oberdiek/ifpdf.sty
Package: ifpdf 2017/03/15 v3.2 Provides the ifpdf switch
)
Package pdftexcmds Info: LuaTeX not detected.
Package pdftexcmds Info: \pdf@primitive is available.
Package pdftexcmds Info: \pdf@ifprimitive is available.
Package pdftexcmds Info: \pdfdraftmode found.
) (/usr/local/texlive/2018/texmf-dist/tex/generic/oberdiek/catchfile.sty
Package: catchfile 2016/05/16 v1.7 Catch the contents of a file (HO)
 (/usr/local/texlive/2018/texmf-dist/tex/generic/oberdiek/etexcmds.sty
Package: etexcmds 2016/05/16 v1.6 Avoid name clashes with e-TeX commands (HO)
Package etexcmds Info: Could not find \expanded.
(etexcmds)             That can mean that you are not using pdfTeX 1.50 or
(etexcmds)             that some package has redefined \expanded.
(etexcmds)             In the latter case, load this package earlier.
))

Package ifplatform Warning: 
    shell escape is disabled, so I can only detect \ifwindows.

) (/usr/local/texlive/2018/texmf-dist/tex/generic/ifxetex/ifxetex.sty
Package: ifxetex 2010/09/12 v0.6 Provides ifxetex conditional
)
\hw@charcount=\count84
\hw@wordcount=\count85
\hw@maxprintline=\count86
 (|kpsewhich -var-value=max_print_line))
Class tufte-book Info: Loading the base class `book'
 (/usr/local/texlive/2018/texmf-dist/tex/latex/base/book.cls
Document Class: book 2014/09/29 v1.4h Standard LaTeX document class
(/usr/local/texlive/2018/texmf-dist/tex/latex/base/bk10.clo
File: bk10.clo 2014/09/29 v1.4h Standard LaTeX file (size option)
)
\c@part=\count87
\c@chapter=\count88
\c@section=\count89
\c@subsection=\count90
\c@subsubsection=\count91
\c@paragraph=\count92
\c@subparagraph=\count93
\c@figure=\count94
\c@table=\count95
\abovecaptionskip=\skip44
\belowcaptionskip=\skip45
\bibindent=\dimen104
) (/usr/local/texlive/2018/texmf-dist/tex/latex/titlesec/titlesec.sty
Package: titlesec 2016/03/21 v2.10.2 Sectioning titles
\ttl@box=\box26
\beforetitleunit=\skip46
\aftertitleunit=\skip47
\ttl@plus=\dimen105
\ttl@minus=\dimen106
\ttl@toksa=\toks16
\titlewidth=\dimen107
\titlewidthlast=\dimen108
\titlewidthfirst=\dimen109
) (/usr/local/texlive/2018/texmf-dist/tex/latex/titlesec/titletoc.sty
Package: titletoc 2011/12/15 v1.6 TOC entries
\ttl@leftsep=\dimen110
) (/usr/local/texlive/2018/texmf-dist/tex/latex/hyperref/hyperref.sty
Package: hyperref 2018/02/06 v6.86b Hypertext links for LaTeX
 (/usr/local/texlive/2018/texmf-dist/tex/generic/oberdiek/hobsub-hyperref.sty
Package: hobsub-hyperref 2016/05/16 v1.14 Bundle oberdiek, subset hyperref (HO)
 (/usr/local/texlive/2018/texmf-dist/tex/generic/oberdiek/hobsub-generic.sty
Package: hobsub-generic 2016/05/16 v1.14 Bundle oberdiek, subset generic (HO)
Package: hobsub 2016/05/16 v1.14 Construct package bundles (HO)
Package hobsub Info: Skipping package `infwarerr' (already loaded).
Package hobsub Info: Skipping package `ltxcmds' (already loaded).
Package hobsub Info: Skipping package `ifluatex' (already loaded).
Package: ifvtex 2016/05/16 v1.6 Detect VTeX and its facilities (HO)
Package ifvtex Info: VTeX not detected.
Package: intcalc 2016/05/16 v1.2 Expandable calculations with integers (HO)
Package hobsub Info: Skipping package `ifpdf' (already loaded).
Package hobsub Info: Skipping package `etexcmds' (already loaded).
Package: kvsetkeys 2016/05/16 v1.17 Key value parser (HO)
Package: kvdefinekeys 2016/05/16 v1.4 Define keys (HO)
Package hobsub Info: Skipping package `pdftexcmds' (already loaded).
Package: pdfescape 2016/05/16 v1.14 Implements pdfTeX's escape features (HO)
Package: bigintcalc 2016/05/16 v1.4 Expandable calculations on big integers (HO)
Package: bitset 2016/05/16 v1.2 Handle bit-vector datatype (HO)
Package: uniquecounter 2016/05/16 v1.3 Provide unlimited unique counter (HO)
)
Package hobsub Info: Skipping package `hobsub' (already loaded).
Package: letltxmacro 2016/05/16 v1.5 Let assignment for LaTeX macros (HO)
Package: hopatch 2016/05/16 v1.3 Wrapper for package hooks (HO)
Package: xcolor-patch 2016/05/16 xcolor patch
Package: atveryend 2016/05/16 v1.9 Hooks at the very end of document (HO)
Package atveryend Info: \enddocument detected (standard20110627).
Package: atbegshi 2016/06/09 v1.18 At begin shipout hook (HO)
Package: refcount 2016/05/16 v3.5 Data extraction from label references (HO)
Package: hycolor 2016/05/16 v1.8 Color options for hyperref/bookmark (HO)
) (/usr/local/texlive/2018/texmf-dist/tex/latex/oberdiek/auxhook.sty
Package: auxhook 2016/05/16 v1.4 Hooks for auxiliary files (HO)
) (/usr/local/texlive/2018/texmf-dist/tex/latex/oberdiek/kvoptions.sty
Package: kvoptions 2016/05/16 v3.12 Key value format for package options (HO)
)
\@linkdim=\dimen111
\Hy@linkcounter=\count96
\Hy@pagecounter=\count97
 (/usr/local/texlive/2018/texmf-dist/tex/latex/hyperref/pd1enc.def
File: pd1enc.def 2018/02/06 v6.86b Hyperref: PDFDocEncoding definition (HO)
Now handling font encoding PD1 ...
... no UTF-8 mapping file for font encoding PD1
)
\Hy@SavedSpaceFactor=\count98
 (/usr/local/texlive/2018/texmf-dist/tex/latex/latexconfig/hyperref.cfg
File: hyperref.cfg 2002/06/06 v1.2 hyperref configuration of TeXLive
)
Package hyperref Info: Option `unicode' set `true' on input line 4383.
 (/usr/local/texlive/2018/texmf-dist/tex/latex/hyperref/puenc.def
File: puenc.def 2018/02/06 v6.86b Hyperref: PDF Unicode definition (HO)
Now handling font encoding PU ...
... no UTF-8 mapping file for font encoding PU
)
Package hyperref Info: Option `hyperfootnotes' set `false' on input line 4383.
Package hyperref Info: Hyper figures OFF on input line 4509.
Package hyperref Info: Link nesting OFF on input line 4514.
Package hyperref Info: Hyper index ON on input line 4517.
Package hyperref Info: Plain pages OFF on input line 4524.
Package hyperref Info: Backreferencing OFF on input line 4529.
Package hyperref Info: Implicit mode ON; LaTeX internals redefined.
Package hyperref Info: Bookmarks ON on input line 4762.
\c@Hy@tempcnt=\count99
 (/usr/local/texlive/2018/texmf-dist/tex/latex/url/url.sty
\Urlmuskip=\muskip10
Package: url 2013/09/16  ver 3.4  Verb mode for urls, etc.
)
LaTeX Info: Redefining \url on input line 5115.
\XeTeXLinkMargin=\dimen112
\Fld@menulength=\count100
\Field@Width=\dimen113
\Fld@charsize=\dimen114
Package hyperref Info: Hyper figures OFF on input line 6369.
Package hyperref Info: Link nesting OFF on input line 6374.
Package hyperref Info: Hyper index ON on input line 6377.
Package hyperref Info: backreferencing OFF on input line 6384.
Package hyperref Info: Link coloring OFF on input line 6389.
Package hyperref Info: Link coloring with OCG OFF on input line 6394.
Package hyperref Info: PDF/A mode OFF on input line 6399.
LaTeX Info: Redefining \ref on input line 6439.
LaTeX Info: Redefining \pageref on input line 6443.
\Hy@abspage=\count101
\c@Item=\count102
)
Package hyperref Info: Driver (autodetected): hpdftex.
 (/usr/local/texlive/2018/texmf-dist/tex/latex/hyperref/hpdftex.def
File: hpdftex.def 2018/02/06 v6.86b Hyperref driver for pdfTeX
\Fld@listcount=\count103
\c@bookmark@seq@number=\count104
 (/usr/local/texlive/2018/texmf-dist/tex/latex/oberdiek/rerunfilecheck.sty
Package: rerunfilecheck 2016/05/16 v1.8 Rerun checks for auxiliary files (HO)
Package uniquecounter Info: New unique counter `rerunfilecheck' on input line 282.
)
\Hy@SectionHShift=\skip48
) (/usr/local/texlive/2018/texmf-dist/tex/latex/ms/ragged2e.sty
Package: ragged2e 2009/05/21 v2.1 ragged2e Package (MS)
 (/usr/local/texlive/2018/texmf-dist/tex/latex/ms/everysel.sty
Package: everysel 2011/10/28 v1.2 EverySelectfont Package (MS)
)
\CenteringLeftskip=\skip49
\RaggedLeftLeftskip=\skip50
\RaggedRightLeftskip=\skip51
\CenteringRightskip=\skip52
\RaggedLeftRightskip=\skip53
\RaggedRightRightskip=\skip54
\CenteringParfillskip=\skip55
\RaggedLeftParfillskip=\skip56
\RaggedRightParfillskip=\skip57
\JustifyingParfillskip=\skip58
\CenteringParindent=\skip59
\RaggedLeftParindent=\skip60
\RaggedRightParindent=\skip61
\JustifyingParindent=\skip62
) (/usr/local/texlive/2018/texmf-dist/tex/latex/geometry/geometry.sty
Package: geometry 2018/03/24 v5.7 Page Geometry
\Gm@cnth=\count105
\Gm@cntv=\count106
\c@Gm@tempcnt=\count107
\Gm@bindingoffset=\dimen115
\Gm@wd@mp=\dimen116
\Gm@odd@mp=\dimen117
\Gm@even@mp=\dimen118
\Gm@layoutwidth=\dimen119
\Gm@layoutheight=\dimen120
\Gm@layouthoffset=\dimen121
\Gm@layoutvoffset=\dimen122
\Gm@dimlist=\toks17
) (/usr/local/texlive/2018/texmf-dist/tex/latex/changepage/changepage.sty
Package: changepage 2009/10/20 v1.0c check page and change page layout
\c@cp@cntr=\count108
\cp@tempcnt=\count109
)
\@tufte@overhang=\skip63
\@tufte@fullwidth=\skip64
\@tufte@caption@fill=\skip65
 (/usr/local/texlive/2018/texmf-dist/tex/latex/paralist/paralist.sty
Package: paralist 2017/01/22 v2.7 Extended list environments
\pltopsep=\skip66
\plpartopsep=\skip67
\plitemsep=\skip68
\plparsep=\skip69
\pl@lab=\toks18
) (/usr/local/texlive/2018/texmf-dist/tex/latex/textcase/textcase.sty
Package: textcase 2004/10/07 v0.07 Text only upper/lower case changing (DPC)
) (/usr/local/texlive/2018/texmf-dist/tex/latex/microtype/letterspace.sty
Package: letterspace 2018/01/14 v2.7a Robust letterspacing (RS)
LaTeX Info: Redefining \lsstyle on input line 345.
LaTeX Info: Redefining \lslig on input line 346.
LaTeX Info: Redefining \textls on input line 371.
\MT@outer@kern=\dimen123
) (/usr/local/texlive/2018/texmf-dist/tex/latex/setspace/setspace.sty
Package: setspace 2011/12/19 v6.7a set line spacing
) (/usr/local/texlive/2018/texmf-dist/tex/latex/xcolor/xcolor.sty
Package: xcolor 2016/05/11 v2.12 LaTeX color extensions (UK)
 (/usr/local/texlive/2018/texmf-dist/tex/latex/graphics-cfg/color.cfg
File: color.cfg 2016/01/02 v1.6 sample color configuration
)
Package xcolor Info: Package option `usenames' ignored on input line 216.
Package xcolor Info: Driver file: pdftex.def on input line 225.
 (/usr/local/texlive/2018/texmf-dist/tex/latex/graphics-def/pdftex.def
File: pdftex.def 2018/01/08 v1.0l Graphics/color driver for pdftex
)
Package xcolor Info: Model `cmy' substituted by `cmy0' on input line 1348.
Package xcolor Info: Model `hsb' substituted by `rgb' on input line 1352.
Package xcolor Info: Model `RGB' extended on input line 1364.
Package xcolor Info: Model `HTML' substituted by `rgb' on input line 1366.
Package xcolor Info: Model `Hsb' substituted by `hsb' on input line 1367.
Package xcolor Info: Model `tHsb' substituted by `hsb' on input line 1368.
Package xcolor Info: Model `HSB' substituted by `hsb' on input line 1369.
Package xcolor Info: Model `Gray' substituted by `gray' on input line 1370.
Package xcolor Info: Model `wave' substituted by `hsb' on input line 1371.
 (/usr/local/texlive/2018/texmf-dist/tex/latex/graphics/dvipsnam.def
File: dvipsnam.def 2016/06/17 v3.0m Driver-dependent file (DPC,SPQR)
) (/usr/local/texlive/2018/texmf-dist/tex/latex/xcolor/svgnam.def
File: svgnam.def 2016/05/11 v2.12 Predefined colors according to SVG 1.1 (UK)
)) (/usr/local/texlive/2018/texmf-dist/tex/latex/natbib/natbib.sty
Package: natbib 2010/09/13 8.31b (PWD, AO)
\bibhang=\skip70
\bibsep=\skip71
LaTeX Info: Redefining \cite on input line 694.
\c@NAT@ctr=\count110
) (/usr/local/texlive/2018/texmf-dist/tex/latex/natbib/bibentry.sty
Package: bibentry 2007/10/30 1.5 (PWD)
)
(/Users/nalinbhardwaj/Documents/assignments/Spring 2020/LTCS 111/.texpadtmp/paper.bbl)
\c@@tufte@num@bibkeys=\count111
 (/usr/local/texlive/2018/texmf-dist/tex/latex/sauerj/optparams.sty
Package: optparams 2004/08/14 v0.9 multiple optional parameters in macros
)
\@tufte@sidenote@vertical@offset=\skip72
 (/usr/local/texlive/2018/texmf-dist/tex/latex/placeins/placeins.sty
Package: placeins 2005/04/18  v 2.2
)
\@tufte@margin@floatbox=\box27
\@tufte@figure@box=\box28
\@tufte@caption@box=\box29
\@tufte@caption@vertical@offset=\skip73
\@tufte@float@contents@width=\skip74
 (/usr/local/texlive/2018/texmf-dist/tex/latex/psnfss/mathpazo.sty
Package: mathpazo 2005/04/12 PSNFSS-v9.2a Palatino w/ Pazo Math (D.Puga, WaS) 
\symupright=\mathgroup4
) (/usr/local/texlive/2018/texmf-dist/tex/latex/psnfss/helvet.sty
Package: helvet 2005/04/12 PSNFSS-v9.2a (WaS) 
) (/usr/local/texlive/2018/texmf-dist/tex/latex/bera/beramono.sty
Package: beramono 2004/01/31 (WaS)
) (/usr/local/texlive/2018/texmf-dist/tex/latex/base/fontenc.sty
Package: fontenc 2017/04/05 v2.0i Standard LaTeX package
 (/usr/local/texlive/2018/texmf-dist/tex/latex/base/t1enc.def
File: t1enc.def 2017/04/05 v2.0i Standard LaTeX file
LaTeX Font Info:    Redeclaring font encoding T1 on input line 48.
)) (/usr/local/texlive/2018/texmf-dist/tex/latex/base/textcomp.sty
Package: textcomp 2017/04/05 v2.0i Standard LaTeX package
Package textcomp Info: Sub-encoding information:
(textcomp)               5 = only ISO-Adobe without \textcurrency
(textcomp)               4 = 5 + \texteuro
(textcomp)               3 = 4 + \textohm
(textcomp)               2 = 3 + \textestimated + \textcurrency
(textcomp)               1 = TS1 - \textcircled - \t
(textcomp)               0 = TS1 (full)
(textcomp)             Font families with sub-encoding setting implement
(textcomp)             only a restricted character set as indicated.
(textcomp)             Family '?' is the default used for unknown fonts.
(textcomp)             See the documentation for details.
Package textcomp Info: Setting ? sub-encoding to TS1/1 on input line 79.
 (/usr/local/texlive/2018/texmf-dist/tex/latex/base/ts1enc.def
File: ts1enc.def 2001/06/05 v3.0e (jk/car/fm) Standard LaTeX file
Now handling font encoding TS1 ...
... processing UTF-8 mapping file for font encoding TS1
 (/usr/local/texlive/2018/texmf-dist/tex/latex/base/ts1enc.dfu
File: ts1enc.dfu 2018/04/05 v1.2c UTF-8 support for inputenc
   defining Unicode char U+00A2 (decimal 162)
   defining Unicode char U+00A3 (decimal 163)
   defining Unicode char U+00A4 (decimal 164)
   defining Unicode char U+00A5 (decimal 165)
   defining Unicode char U+00A6 (decimal 166)
   defining Unicode char U+00A7 (decimal 167)
   defining Unicode char U+00A8 (decimal 168)
   defining Unicode char U+00A9 (decimal 169)
   defining Unicode char U+00AA (decimal 170)
   defining Unicode char U+00AC (decimal 172)
   defining Unicode char U+00AE (decimal 174)
   defining Unicode char U+00AF (decimal 175)
   defining Unicode char U+00B0 (decimal 176)
   defining Unicode char U+00B1 (decimal 177)
   defining Unicode char U+00B2 (decimal 178)
   defining Unicode char U+00B3 (decimal 179)
   defining Unicode char U+00B4 (decimal 180)
   defining Unicode char U+00B5 (decimal 181)
   defining Unicode char U+00B6 (decimal 182)
   defining Unicode char U+00B7 (decimal 183)
   defining Unicode char U+00B9 (decimal 185)
   defining Unicode char U+00BA (decimal 186)
   defining Unicode char U+00BC (decimal 188)
   defining Unicode char U+00BD (decimal 189)
   defining Unicode char U+00BE (decimal 190)
   defining Unicode char U+00D7 (decimal 215)
   defining Unicode char U+00F7 (decimal 247)
   defining Unicode char U+0192 (decimal 402)
   defining Unicode char U+02C7 (decimal 711)
   defining Unicode char U+02D8 (decimal 728)
   defining Unicode char U+02DD (decimal 733)
   defining Unicode char U+0E3F (decimal 3647)
   defining Unicode char U+2016 (decimal 8214)
   defining Unicode char U+2020 (decimal 8224)
   defining Unicode char U+2021 (decimal 8225)
   defining Unicode char U+2022 (decimal 8226)
   defining Unicode char U+2030 (decimal 8240)
   defining Unicode char U+2031 (decimal 8241)
   defining Unicode char U+203B (decimal 8251)
   defining Unicode char U+203D (decimal 8253)
   defining Unicode char U+2044 (decimal 8260)
   defining Unicode char U+204E (decimal 8270)
   defining Unicode char U+2052 (decimal 8274)
   defining Unicode char U+20A1 (decimal 8353)
   defining Unicode char U+20A4 (decimal 8356)
   defining Unicode char U+20A6 (decimal 8358)
   defining Unicode char U+20A9 (decimal 8361)
   defining Unicode char U+20AB (decimal 8363)
   defining Unicode char U+20AC (decimal 8364)
   defining Unicode char U+20B1 (decimal 8369)
   defining Unicode char U+2103 (decimal 8451)
   defining Unicode char U+2116 (decimal 8470)
   defining Unicode char U+2117 (decimal 8471)
   defining Unicode char U+211E (decimal 8478)
   defining Unicode char U+2120 (decimal 8480)
   defining Unicode char U+2122 (decimal 8482)
   defining Unicode char U+2126 (decimal 8486)
   defining Unicode char U+2127 (decimal 8487)
   defining Unicode char U+212E (decimal 8494)
   defining Unicode char U+2190 (decimal 8592)
   defining Unicode char U+2191 (decimal 8593)
   defining Unicode char U+2192 (decimal 8594)
   defining Unicode char U+2193 (decimal 8595)
   defining Unicode char U+2329 (decimal 9001)
   defining Unicode char U+232A (decimal 9002)
   defining Unicode char U+2422 (decimal 9250)
   defining Unicode char U+25E6 (decimal 9702)
   defining Unicode char U+25EF (decimal 9711)
   defining Unicode char U+266A (decimal 9834)
   defining Unicode char U+FEFF (decimal 65279)
))
LaTeX Info: Redefining \oldstylenums on input line 334.
Package textcomp Info: Setting cmr sub-encoding to TS1/0 on input line 349.
Package textcomp Info: Setting cmss sub-encoding to TS1/0 on input line 350.
Package textcomp Info: Setting cmtt sub-encoding to TS1/0 on input line 351.
Package textcomp Info: Setting cmvtt sub-encoding to TS1/0 on input line 352.
Package textcomp Info: Setting cmbr sub-encoding to TS1/0 on input line 353.
Package textcomp Info: Setting cmtl sub-encoding to TS1/0 on input line 354.
Package textcomp Info: Setting ccr sub-encoding to TS1/0 on input line 355.
Package textcomp Info: Setting ptm sub-encoding to TS1/4 on input line 356.
Package textcomp Info: Setting pcr sub-encoding to TS1/4 on input line 357.
Package textcomp Info: Setting phv sub-encoding to TS1/4 on input line 358.
Package textcomp Info: Setting ppl sub-encoding to TS1/3 on input line 359.
Package textcomp Info: Setting pag sub-encoding to TS1/4 on input line 360.
Package textcomp Info: Setting pbk sub-encoding to TS1/4 on input line 361.
Package textcomp Info: Setting pnc sub-encoding to TS1/4 on input line 362.
Package textcomp Info: Setting pzc sub-encoding to TS1/4 on input line 363.
Package textcomp Info: Setting bch sub-encoding to TS1/4 on input line 364.
Package textcomp Info: Setting put sub-encoding to TS1/5 on input line 365.
Package textcomp Info: Setting uag sub-encoding to TS1/5 on input line 366.
Package textcomp Info: Setting ugq sub-encoding to TS1/5 on input line 367.
Package textcomp Info: Setting ul8 sub-encoding to TS1/4 on input line 368.
Package textcomp Info: Setting ul9 sub-encoding to TS1/4 on input line 369.
Package textcomp Info: Setting augie sub-encoding to TS1/5 on input line 370.
Package textcomp Info: Setting dayrom sub-encoding to TS1/3 on input line 371.
Package textcomp Info: Setting dayroms sub-encoding to TS1/3 on input line 372.
Package textcomp Info: Setting pxr sub-encoding to TS1/0 on input line 373.
Package textcomp Info: Setting pxss sub-encoding to TS1/0 on input line 374.
Package textcomp Info: Setting pxtt sub-encoding to TS1/0 on input line 375.
Package textcomp Info: Setting txr sub-encoding to TS1/0 on input line 376.
Package textcomp Info: Setting txss sub-encoding to TS1/0 on input line 377.
Package textcomp Info: Setting txtt sub-encoding to TS1/0 on input line 378.
Package textcomp Info: Setting lmr sub-encoding to TS1/0 on input line 379.
Package textcomp Info: Setting lmdh sub-encoding to TS1/0 on input line 380.
Package textcomp Info: Setting lmss sub-encoding to TS1/0 on input line 381.
Package textcomp Info: Setting lmssq sub-encoding to TS1/0 on input line 382.
Package textcomp Info: Setting lmvtt sub-encoding to TS1/0 on input line 383.
Package textcomp Info: Setting lmtt sub-encoding to TS1/0 on input line 384.
Package textcomp Info: Setting qhv sub-encoding to TS1/0 on input line 385.
Package textcomp Info: Setting qag sub-encoding to TS1/0 on input line 386.
Package textcomp Info: Setting qbk sub-encoding to TS1/0 on input line 387.
Package textcomp Info: Setting qcr sub-encoding to TS1/0 on input line 388.
Package textcomp Info: Setting qcs sub-encoding to TS1/0 on input line 389.
Package textcomp Info: Setting qpl sub-encoding to TS1/0 on input line 390.
Package textcomp Info: Setting qtm sub-encoding to TS1/0 on input line 391.
Package textcomp Info: Setting qzc sub-encoding to TS1/0 on input line 392.
Package textcomp Info: Setting qhvc sub-encoding to TS1/0 on input line 393.
Package textcomp Info: Setting futs sub-encoding to TS1/4 on input line 394.
Package textcomp Info: Setting futx sub-encoding to TS1/4 on input line 395.
Package textcomp Info: Setting futj sub-encoding to TS1/4 on input line 396.
Package textcomp Info: Setting hlh sub-encoding to TS1/3 on input line 397.
Package textcomp Info: Setting hls sub-encoding to TS1/3 on input line 398.
Package textcomp Info: Setting hlst sub-encoding to TS1/3 on input line 399.
Package textcomp Info: Setting hlct sub-encoding to TS1/5 on input line 400.
Package textcomp Info: Setting hlx sub-encoding to TS1/5 on input line 401.
Package textcomp Info: Setting hlce sub-encoding to TS1/5 on input line 402.
Package textcomp Info: Setting hlcn sub-encoding to TS1/5 on input line 403.
Package textcomp Info: Setting hlcw sub-encoding to TS1/5 on input line 404.
Package textcomp Info: Setting hlcf sub-encoding to TS1/5 on input line 405.
Package textcomp Info: Setting pplx sub-encoding to TS1/3 on input line 406.
Package textcomp Info: Setting pplj sub-encoding to TS1/3 on input line 407.
Package textcomp Info: Setting ptmx sub-encoding to TS1/4 on input line 408.
Package textcomp Info: Setting ptmj sub-encoding to TS1/4 on input line 409.
) (/usr/local/texlive/2018/texmf-dist/tex/latex/fancyhdr/fancyhdr.sty
Package: fancyhdr 2017/06/30 v3.9a Extensive control of page headers and footers
\f@nch@headwidth=\skip75
\f@nch@O@elh=\skip76
\f@nch@O@erh=\skip77
\f@nch@O@olh=\skip78
\f@nch@O@orh=\skip79
\f@nch@O@elf=\skip80
\f@nch@O@erf=\skip81
\f@nch@O@olf=\skip82
\f@nch@O@orf=\skip83
)
\tufteskipamount=\skip84
 (/usr/local/texlive/2018/texmf-dist/tex/latex/tools/multicol.sty
Package: multicol 2018/04/01 v1.8r multicolumn formatting (FMi)
\c@tracingmulticols=\count112
\mult@box=\box30
\multicol@leftmargin=\dimen124
\c@unbalance=\count113
\c@collectmore=\count114
\doublecol@number=\count115
\multicoltolerance=\count116
\multicolpretolerance=\count117
\full@width=\dimen125
\page@free=\dimen126
\premulticols=\dimen127
\postmulticols=\dimen128
\multicolsep=\skip85
\multicolbaselineskip=\skip86
\partial@page=\box31
\last@line=\box32
\maxbalancingoverflow=\dimen129
\mult@rightbox=\box33
\mult@grightbox=\box34
\mult@gfirstbox=\box35
\mult@firstbox=\box36
\@tempa=\box37
\@tempa=\box38
\@tempa=\box39
\@tempa=\box40
\@tempa=\box41
\@tempa=\box42
\@tempa=\box43
\@tempa=\box44
\@tempa=\box45
\@tempa=\box46
\@tempa=\box47
\@tempa=\box48
\@tempa=\box49
\@tempa=\box50
\@tempa=\box51
\@tempa=\box52
\@tempa=\box53
\c@columnbadness=\count118
\c@finalcolumnbadness=\count119
\last@try=\dimen130
\multicolovershoot=\dimen131
\multicolundershoot=\dimen132
\mult@nat@firstbox=\box54
\colbreak@box=\box55
\mc@col@check@num=\count120
))
Class tufte-book Info: Loading tufte-book-local.tex
 (/Users/nalinbhardwaj/Downloads/tufte-latex/tufte-book-local.tex))
Package hyperref Info: Option `colorlinks' set `true' on input line 3.
 (/usr/local/texlive/2018/texmf-dist/tex/latex/microtype/microtype.sty
Package: microtype 2018/01/14 v2.7a Micro-typographical refinements (RS)
\MT@toks=\toks19
\MT@count=\count121
LaTeX Info: Redefining \textls on input line 793.
\MT@outer@kern=\dimen133
LaTeX Info: Redefining \textmicrotypecontext on input line 1339.
\MT@listname@count=\count122
 (/usr/local/texlive/2018/texmf-dist/tex/latex/microtype/microtype-pdftex.def
File: microtype-pdftex.def 2018/01/14 v2.7a Definitions specific to pdftex (RS)
LaTeX Info: Redefining \lsstyle on input line 913.
LaTeX Info: Redefining \lslig on input line 913.
\MT@outer@space=\skip87
)
Package microtype Info: Loading configuration file microtype.cfg.
 (/usr/local/texlive/2018/texmf-dist/tex/latex/microtype/microtype.cfg
File: microtype.cfg 2018/01/14 v2.7a microtype main configuration file (RS)
)) (/usr/local/texlive/2018/texmf-dist/tex/latex/lipsum/lipsum.sty
Package: lipsum 2014/07/27 v1.3 150 paragraphs of Lorem Ipsum dummy text
\c@lips@count=\count123
) (/usr/local/texlive/2018/texmf-dist/tex/latex/booktabs/booktabs.sty
Package: booktabs 2016/04/27 v1.618033 publication quality tables
\heavyrulewidth=\dimen134
\lightrulewidth=\dimen135
\cmidrulewidth=\dimen136
\belowrulesep=\dimen137
\belowbottomsep=\dimen138
\aboverulesep=\dimen139
\abovetopsep=\dimen140
\cmidrulesep=\dimen141
\cmidrulekern=\dimen142
\defaultaddspace=\dimen143
\@cmidla=\count124
\@cmidlb=\count125
\@aboverulesep=\dimen144
\@belowrulesep=\dimen145
\@thisruleclass=\count126
\@lastruleclass=\count127
\@thisrulewidth=\dimen146
) (/usr/local/texlive/2018/texmf-dist/tex/latex/graphics/graphicx.sty
Package: graphicx 2017/06/01 v1.1a Enhanced LaTeX Graphics (DPC,SPQR)
 (/usr/local/texlive/2018/texmf-dist/tex/latex/graphics/graphics.sty
Package: graphics 2017/06/25 v1.2c Standard LaTeX Graphics (DPC,SPQR)
 (/usr/local/texlive/2018/texmf-dist/tex/latex/graphics/trig.sty
Package: trig 2016/01/03 v1.10 sin cos tan (DPC)
) (/usr/local/texlive/2018/texmf-dist/tex/latex/graphics-cfg/graphics.cfg
File: graphics.cfg 2016/06/04 v1.11 sample graphics configuration
)
Package graphics Info: Driver file: pdftex.def on input line 99.
)
\Gin@req@height=\dimen147
\Gin@req@width=\dimen148
) (/usr/local/texlive/2018/texmf-dist/tex/latex/epigraph/epigraph.sty
Package: epigraph 2009/09/02 v1.5c typesetting epigraphs
\beforeepigraphskip=\skip88
\afterepigraphskip=\skip89
\epigraphwidth=\skip90
\epigraphrule=\skip91
) (/usr/local/texlive/2018/texmf-dist/tex/latex/fancyvrb/fancyvrb.sty
Package: fancyvrb 2008/02/07
 Style option: `fancyvrb' v2.7a, with DG/SPQR fixes, and firstline=lastline fix <2008/02/07> (tvz)
\FV@CodeLineNo=\count128
\FV@InFile=\read1
\FV@TabBox=\box56
\c@FancyVerbLine=\count129
\FV@StepNumber=\count130
\FV@OutFile=\write3
) (/usr/local/texlive/2018/texmf-dist/tex/latex/tools/xspace.sty
Package: xspace 2014/10/28 v1.13 Space after command names (DPC,MH)
) (/usr/local/texlive/2018/texmf-dist/tex/latex/base/inputenc.sty
Package: inputenc 2018/04/06 v1.3b Input encoding file
\inpenc@prehook=\toks20
\inpenc@posthook=\toks21
) (/usr/local/texlive/2018/texmf-dist/tex/latex/base/makeidx.sty
Package: makeidx 2014/09/29 v1.0m Standard LaTeX package
)
\@indexfile=\write4
\openout4 = `paper.idx'.


Writing index file paper.idx
(/Users/nalinbhardwaj/Documents/assignments/Spring 2020/LTCS 111/.texpadtmp/paper.aux

LaTeX Warning: Label `fig:fullfig' multiply defined.

)
\openout1 = `paper.aux'.

LaTeX Font Info:    Checking defaults for OML/cmm/m/it on input line 57.
LaTeX Font Info:    ... okay on input line 57.
LaTeX Font Info:    Checking defaults for T1/cmr/m/n on input line 57.
LaTeX Font Info:    ... okay on input line 57.
LaTeX Font Info:    Checking defaults for OT1/cmr/m/n on input line 57.
LaTeX Font Info:    ... okay on input line 57.
LaTeX Font Info:    Checking defaults for OMS/cmsy/m/n on input line 57.
LaTeX Font Info:    ... okay on input line 57.
LaTeX Font Info:    Checking defaults for OMX/cmex/m/n on input line 57.
LaTeX Font Info:    ... okay on input line 57.
LaTeX Font Info:    Checking defaults for U/cmr/m/n on input line 57.
LaTeX Font Info:    ... okay on input line 57.
LaTeX Font Info:    Checking defaults for PD1/pdf/m/n on input line 57.
LaTeX Font Info:    ... okay on input line 57.
LaTeX Font Info:    Checking defaults for PU/pdf/m/n on input line 57.
LaTeX Font Info:    ... okay on input line 57.
LaTeX Font Info:    Checking defaults for TS1/cmr/m/n on input line 57.
LaTeX Font Info:    Try loading font information for TS1+cmr on input line 57.
 (/usr/local/texlive/2018/texmf-dist/tex/latex/base/ts1cmr.fd
File: ts1cmr.fd 2014/09/29 v2.5h Standard LaTeX font definitions
)
LaTeX Font Info:    ... okay on input line 57.
LaTeX Font Info:    Try loading font information for T1+pplj on input line 57.
 (/usr/local/texlive/2018/texmf-dist/tex/latex/psnfss/t1pplj.fd
File: t1pplj.fd 2004/09/06 font definitions for T1/pplj.
)
\AtBeginShipoutBox=\box57
Package hyperref Info: Link coloring ON on input line 57.
 (/usr/local/texlive/2018/texmf-dist/tex/latex/hyperref/nameref.sty
Package: nameref 2016/05/21 v2.44 Cross-referencing by name of section
 (/usr/local/texlive/2018/texmf-dist/tex/generic/oberdiek/gettitlestring.sty
Package: gettitlestring 2016/05/16 v1.5 Cleanup title references (HO)
)
\c@section@level=\count131
)
LaTeX Info: Redefining \ref on input line 57.
LaTeX Info: Redefining \pageref on input line 57.
LaTeX Info: Redefining \nameref on input line 57.
 (/Users/nalinbhardwaj/Documents/assignments/Spring 2020/LTCS 111/.texpadtmp/paper.out) (/Users/nalinbhardwaj/Documents/assignments/Spring 2020/LTCS 111/.texpadtmp/paper.out)
\@outlinefile=\write5
\openout5 = `paper.out'.

 ABD: EverySelectfont initializing macros
LaTeX Info: Redefining \selectfont on input line 57.

*geometry* driver: auto-detecting
*geometry* detected driver: pdftex
*geometry* verbose mode - [ preamble ] result:
* driver: pdftex
* paper: letterpaper
* layout: <same size as paper>
* layoutoffset:(h,v)=(0.0pt,0.0pt)
* modes: twoside asymmetric 
* h-part:(L,W,R)=(72.26999pt, 312.0pt, 230.02501pt)
* v-part:(T,H,B)=(72.26999pt, 616.0pt, 106.7pt)
* \paperwidth=614.295pt
* \paperheight=794.96999pt
* \textwidth=312.0pt
* \textheight=616.0pt
* \oddsidemargin=0.0pt
* \evensidemargin=0.0pt
* \topmargin=-42.0pt
* \headheight=14.0pt
* \headsep=28.0pt
* \topskip=10.0pt
* \footskip=25.29494pt
* \marginparwidth=144.0pt
* \marginparsep=24.0pt
* \columnsep=10.0pt
* \skip\footins=9.0pt plus 4.0pt minus 2.0pt
* \hoffset=0.0pt
* \voffset=0.0pt
* \mag=1000
* \@twocolumnfalse
* \@twosidetrue
* \@mparswitchfalse
* \@reversemarginfalse
* (1in=72.27pt=25.4mm, 1cm=28.453pt)

LaTeX Info: Redefining \microtypecontext on input line 57.
Package microtype Info: Generating PDF output.
Package microtype Info: Character protrusion enabled (level 2).
Package microtype Info: Using default protrusion set `alltext'.
Package microtype Info: Automatic font expansion enabled (level 2),
(microtype)             stretch: 20, shrink: 20, step: 1, non-selected.
Package microtype Info: Using default expansion set `basictext'.
Package microtype Info: No adjustment of tracking.
Package microtype Info: No adjustment of interword spacing.
Package microtype Info: No adjustment of character kerning.
(/usr/local/texlive/2018/texmf-dist/tex/latex/microtype/mt-ppl.cfg
File: mt-ppl.cfg 2005/11/16 v1.6 microtype config. file: Palatino (RS)
) (/usr/local/texlive/2018/texmf-dist/tex/context/base/mkii/supp-pdf.mkii
[Loading MPS to PDF converter (version 2006.09.02).]
\scratchcounter=\count132
\scratchdimen=\dimen149
\scratchbox=\box58
\nofMPsegments=\count133
\nofMParguments=\count134
\everyMPshowfont=\toks22
\MPscratchCnt=\count135
\MPscratchDim=\dimen150
\MPnumerator=\count136
\makeMPintoPDFobject=\count137
\everyMPtoPDFconversion=\toks23
) (/usr/local/texlive/2018/texmf-dist/tex/latex/oberdiek/epstopdf-base.sty
Package: epstopdf-base 2016/05/15 v2.6 Base part for package epstopdf
 (/usr/local/texlive/2018/texmf-dist/tex/latex/oberdiek/grfext.sty
Package: grfext 2016/05/16 v1.2 Manage graphics extensions (HO)
)
Package epstopdf-base Info: Redefining graphics rule for `.eps' on input line 438.
Package grfext Info: Graphics extension search list:
(grfext)             [.pdf,.png,.jpg,.mps,.jpeg,.jbig2,.jb2,.PDF,.PNG,.JPG,.JPEG,.JBIG2,.JB2,.eps]
(grfext)             \AppendGraphicsExtensions on input line 456.
 (/usr/local/texlive/2018/texmf-dist/tex/latex/latexconfig/epstopdf-sys.cfg
File: epstopdf-sys.cfg 2010/07/13 v1.3 Configuration of (r)epstopdf for TeX Live
))
\big@size=\dimen151
\langwohyphens=\language84
LaTeX Font Info:    Try loading font information for T1+phv on input line 63.
 (/usr/local/texlive/2018/texmf-dist/tex/latex/psnfss/t1phv.fd
File: t1phv.fd 2001/06/04 scalable font definitions for T1/phv.
)
LaTeX Font Info:    Font shape `T1/phv/m/n' will be
(Font)              scaled to size 8.99994pt on input line 63.
Package microtype Info: Loading generic protrusion settings for font family
(microtype)             `phv' (encoding: T1).
(microtype)             For optimal results, create family-specific settings.
(microtype)             See the microtype manual for details.
LaTeX Font Info:    Font shape `T1/phv/m/n' will be
(Font)              scaled to size 16.19989pt on input line 63.
LaTeX Font Info:    Calculating math sizes for size <18> on input line 63.
LaTeX Font Info:    Try loading font information for OT1+pplx on input line 63.
 (/usr/local/texlive/2018/texmf-dist/tex/latex/psnfss/ot1pplx.fd
File: ot1pplx.fd 2004/09/06 font definitions for OT1/pplx.
)
LaTeX Font Info:    Try loading font information for OML+zplm on input line 63.
 (/usr/local/texlive/2018/texmf-dist/tex/latex/psnfss/omlzplm.fd
File: omlzplm.fd 2002/09/08 Fontinst v1.914 font definitions for OML/zplm.
)
LaTeX Font Info:    Try loading font information for OMS+zplm on input line 63.
 (/usr/local/texlive/2018/texmf-dist/tex/latex/psnfss/omszplm.fd
File: omszplm.fd 2002/09/08 Fontinst v1.914 font definitions for OMS/zplm.
)
LaTeX Font Info:    Try loading font information for OMX+zplm on input line 63.
 (/usr/local/texlive/2018/texmf-dist/tex/latex/psnfss/omxzplm.fd
File: omxzplm.fd 2002/09/08 Fontinst v1.914 font definitions for OMX/zplm.
)
LaTeX Font Info:    Try loading font information for OT1+zplm on input line 63.
 (/usr/local/texlive/2018/texmf-dist/tex/latex/psnfss/ot1zplm.fd
File: ot1zplm.fd 2002/09/08 Fontinst v1.914 font definitions for OT1/zplm.
)
Package microtype Info: Loading generic protrusion settings for font family
(microtype)             `zplm' (encoding: OT1).
(microtype)             For optimal results, create family-specific settings.
(microtype)             See the microtype manual for details.
LaTeX Font Info:    Font shape `T1/phv/m/n' will be
(Font)              scaled to size 32.39978pt on input line 63.
LaTeX Font Info:    Calculating math sizes for size <36> on input line 63.
LaTeX Font Info:    Font shape `T1/phv/m/n' will be
(Font)              scaled to size 12.59991pt on input line 63.
LaTeX Font Info:    Calculating math sizes for size <14> on input line 63.
 [1



{/usr/local/texlive/2018/texmf-var/fonts/map/pdftex/updmap/pdftex.map}] (/Users/nalinbhardwaj/Documents/assignments/Spring 2020/LTCS 111/.texpadtmp/paper.toc
LaTeX Font Info:    Font shape `T1/pplj/bx/n' in size <10> not available
(Font)              Font shape `T1/pplj/b/n' tried instead on input line 10.
LaTeX Font Info:    Font shape `T1/pplj/bx/it' in size <12> not available
(Font)              Font shape `T1/pplj/b/it' tried instead on input line 10.
)
\tf@toc=\write6
\openout6 = `paper.toc'.

 [2


]
<graphics/cathedral.jpg, id=114, 626.34pt x 950.55125pt>
File: graphics/cathedral.jpg Graphic file (type jpg)
<use graphics/cathedral.jpg>
Package pdftex.def Info: graphics/cathedral.jpg  used on input line 80.
(pdftex.def)             Requested size: 143.99782pt x 218.53516pt.
<graphics/shadows.jpg, id=115, 463.7325pt x 550.055pt>
File: graphics/shadows.jpg Graphic file (type jpg)
<use graphics/shadows.jpg>
Package pdftex.def Info: graphics/shadows.jpg  used on input line 86.
(pdftex.def)             Requested size: 144.00323pt x 170.80904pt.


LaTeX Warning: Marginpar on page 3 moved.

[3


 <./graphics/cathedral.jpg> <./graphics/shadows.jpg>]
<graphics/colorwheel.jpg, id=121, 200.75pt x 200.75pt>
File: graphics/colorwheel.jpg Graphic file (type jpg)
<use graphics/colorwheel.jpg>
Package pdftex.def Info: graphics/colorwheel.jpg  used on input line 104.
(pdftex.def)             Requested size: 144.00995pt x 144.00995pt.

Overfull \hbox (0.10748pt too wide) in paragraph at lines 109--110
[]\T1/pplj/m/n/10 (+12) Color, as an ab-stract con-cept, is very hard to de-scribe. How-ever, to 
 []


Overfull \hbox (0.13004pt too wide) in paragraph at lines 109--110
\T1/pplj/m/n/10 (+20) color. By def-i-ni-tion, hue refers to the color of a point, as found along 
 []

[4

 <./graphics/colorwheel.jpg>] [5] [6]
<Akira/temperature-analysis.png, id=138, 1084.05pt x 481.8pt>
File: Akira/temperature-analysis.png Graphic file (type png)
<use Akira/temperature-analysis.png>
Package pdftex.def Info: Akira/temperature-analysis.png  used on input line 121.
(pdftex.def)             Requested size: 479.99399pt x 213.33064pt.
LaTeX Font Info:    Try loading font information for T1+fvm on input line 126.
 (/usr/local/texlive/2018/texmf-dist/tex/latex/bera/t1fvm.fd
File: t1fvm.fd 2004/09/07 scalable font definitions for T1/fvm.
)
LaTeX Font Info:    Font shape `T1/fvm/m/n' will be
(Font)              scaled to size 6.80005pt on input line 126.
Package microtype Info: Loading generic protrusion settings for font family
(microtype)             `fvm' (encoding: T1).
(microtype)             For optimal results, create family-specific settings.
(microtype)             See the microtype manual for details.


LaTeX Warning: Marginpar on page 7 moved.

[7

 <./Akira/temperature-analysis.png>]
<Akira/tron-streaks.png, id=151, 1927.2pt x 1035.87pt>
File: Akira/tron-streaks.png Graphic file (type png)
<use Akira/tron-streaks.png>
Package pdftex.def Info: Akira/tron-streaks.png  used on input line 131.
(pdftex.def)             Requested size: 143.97504pt x 77.38658pt.
<Akira/chord-diagram.png, id=152, 1084.05pt x 715.67375pt>
File: Akira/chord-diagram.png Graphic file (type png)
<use Akira/chord-diagram.png>
Package pdftex.def Info: Akira/chord-diagram.png  used on input line 145.
(pdftex.def)             Requested size: 312.00105pt x 205.97847pt.

Overfull \hbox (0.16095pt too wide) in paragraph at lines 150--151
\T1/pplj/m/n/10 (+18) por-tion-ate amount of love for bloody, fiery shades of red and or-ange, 
 []

[8 <./Akira/tron-streaks.png (PNG copy)> <./Akira/chord-diagram.png>]
<Akira/feverish-dream.png, id=158, 1920.17375pt x 1032.85875pt>
File: Akira/feverish-dream.png Graphic file (type png)
<use Akira/feverish-dream.png>
Package pdftex.def Info: Akira/feverish-dream.png  used on input line 157.
(pdftex.def)             Requested size: 311.98059pt x 167.81392pt.

Underfull \hbox (badness 10000) in paragraph at lines 157--160
[][]
 []


Underfull \hbox (badness 10000) in paragraph at lines 157--160

 []

<Akira/pre-corruption.png, id=159, 1918.16624pt x 1035.87pt>
File: Akira/pre-corruption.png Graphic file (type png)
<use Akira/pre-corruption.png>
Package pdftex.def Info: Akira/pre-corruption.png  used on input line 163.
(pdftex.def)             Requested size: 311.97638pt x 168.47704pt.

Underfull \hbox (badness 10000) in paragraph at lines 163--166
[][]
 []


Underfull \hbox (badness 10000) in paragraph at lines 163--166

 []


Overfull \hbox (0.14867pt too wide) in paragraph at lines 168--169
\T1/pplj/m/n/10 (+11) he ^^Pmat-tered^^Q to those around him, a time far away from the mess of 
 []

[9 <./Akira/feverish-dream.png> <./Akira/pre-corruption.png>]

LaTeX Warning: Marginpar on page 10 moved.

<Akira/color-change.png, id=169, 1919.17pt x 1030.85126pt>
File: Akira/color-change.png Graphic file (type png)
<use Akira/color-change.png>
Package pdftex.def Info: Akira/color-change.png  used on input line 171.
(pdftex.def)             Requested size: 311.99321pt x 167.58212pt.
<Akira/children.png, id=170, 1918.16624pt x 1029.8475pt>
File: Akira/children.png Graphic file (type png)
<use Akira/children.png>
Package pdftex.def Info: Akira/children.png  used on input line 177.
(pdftex.def)             Requested size: 311.97638pt x 167.49751pt.
<Akira/bar.png, id=171, 1927.2pt x 1035.87pt>
File: Akira/bar.png Graphic file (type png)
<use Akira/bar.png>
Package pdftex.def Info: Akira/bar.png  used on input line 183.
(pdftex.def)             Requested size: 143.97504pt x 77.38658pt.
<Akira/biker-tetsuo.png, id=172, 1927.2pt x 1035.87pt>
File: Akira/biker-tetsuo.png Graphic file (type png)
<use Akira/biker-tetsuo.png>
Package pdftex.def Info: Akira/biker-tetsuo.png  used on input line 189.
(pdftex.def)             Requested size: 143.97504pt x 77.38658pt.

LaTeX Warning: Marginpar on page 10 moved.


Overfull \hbox (0.15129pt too wide) in paragraph at lines 194--195
\T1/pplj/m/n/10 (+15) Neo-Tokyo, in what appears to be something akin to Batman's origin 
 []

[10 <./Akira/color-change.png> <./Akira/children.png> <./Akira/bar.png (PNG copy)> <./Akira/biker-tetsuo.png (PNG copy)>]
<Akira/shock.png, id=183, 1927.2pt x 1035.87pt>
File: Akira/shock.png Graphic file (type png)
<use Akira/shock.png>
Package pdftex.def Info: Akira/shock.png  used on input line 197.
(pdftex.def)             Requested size: 143.97504pt x 77.38658pt.


LaTeX Warning: Marginpar on page 11 moved.

<Akira/cityscape.png, id=185, 1927.2pt x 1035.87pt>
File: Akira/cityscape.png Graphic file (type png)
<use Akira/cityscape.png>
Package pdftex.def Info: Akira/cityscape.png  used on input line 209.
(pdftex.def)             Requested size: 143.97504pt x 77.38658pt.

LaTeX Warning: Marginpar on page 11 moved.


Overfull \hbox (35.48601pt too wide) in paragraph at lines 214--214
\T1/fvm/m/n/8 matrix-[]green-[]color-[]change-[]netflix-[]original/$[][]\T1/pplj/m/n/8 (-20) , 
 []


LaTeX Warning: Marginpar on page 11 moved.


LaTeX Warning: Marginpar on page 11 moved.


LaTeX Warning: Marginpar on page 11 moved.


LaTeX Warning: Marginpar on page 11 moved.

[11 <./Akira/shock.png (PNG copy)> <./Akira/cityscape.png (PNG copy)>] [12]

LaTeX Warning: Marginpar on page 13 moved.

<Ghost-in-the-Shell/changing.png, id=201, 1284.8pt x 683.55376pt>
File: Ghost-in-the-Shell/changing.png Graphic file (type png)
<use Ghost-in-the-Shell/changing.png>
Package pdftex.def Info: Ghost-in-the-Shell/changing.png  used on input line 228.
(pdftex.def)             Requested size: 143.99464pt x 76.60965pt.

LaTeX Warning: Marginpar on page 13 moved.

<Ghost-in-the-Shell/soldier.png, id=202, 1284.8pt x 683.55376pt>
File: Ghost-in-the-Shell/soldier.png Graphic file (type png)
<use Ghost-in-the-Shell/soldier.png>
Package pdftex.def Info: Ghost-in-the-Shell/soldier.png  used on input line 234.
(pdftex.def)             Requested size: 143.99464pt x 76.60965pt.

LaTeX Warning: Marginpar on page 13 moved.

<Ghost-in-the-Shell/afterfight.png, id=203, 1284.8pt x 683.55376pt>
File: Ghost-in-the-Shell/afterfight.png Graphic file (type png)
<use Ghost-in-the-Shell/afterfight.png>
Package pdftex.def Info: Ghost-in-the-Shell/afterfight.png  used on input line 240.
(pdftex.def)             Requested size: 143.99464pt x 76.60965pt.

LaTeX Warning: Marginpar on page 13 moved.


Overfull \hbox (0.12439pt too wide) in paragraph at lines 246--247
\T1/pplj/m/n/10 (+19) char-ac-ters in-volved([][]18[][], [][]19[][]). As Ma-jor re-marks af-ter swim-ming in the 
 []

[13

 <./Ghost-in-the-Shell/changing.png (PNG copy)> <./Ghost-in-the-Shell/soldier.png (PNG copy)> <./Ghost-in-the-Shell/afterfight.png (PNG copy)>]
<Ghost-in-the-Shell/deface.png, id=215, 1284.8pt x 683.55376pt>
File: Ghost-in-the-Shell/deface.png Graphic file (type png)
<use Ghost-in-the-Shell/deface.png>
Package pdftex.def Info: Ghost-in-the-Shell/deface.png  used on input line 249.
(pdftex.def)             Requested size: 143.99464pt x 76.60965pt.
<Ghost-in-the-Shell/innards.png, id=216, 1284.8pt x 683.55376pt>
File: Ghost-in-the-Shell/innards.png Graphic file (type png)
<use Ghost-in-the-Shell/innards.png>
Package pdftex.def Info: Ghost-in-the-Shell/innards.png  used on input line 255.
(pdftex.def)             Requested size: 143.99464pt x 76.60965pt.


LaTeX Warning: Marginpar on page 14 moved.

<Ghost-in-the-Shell/deshell.png, id=217, 1284.8pt x 683.55376pt>
File: Ghost-in-the-Shell/deshell.png Graphic file (type png)
<use Ghost-in-the-Shell/deshell.png>
Package pdftex.def Info: Ghost-in-the-Shell/deshell.png  used on input line 261.
(pdftex.def)             Requested size: 311.98512pt x 165.98584pt.

Underfull \hbox (badness 10000) in paragraph at lines 261--265
[][]
 []


Underfull \hbox (badness 10000) in paragraph at lines 261--265

 []

<Ghost-in-the-Shell/temperature-analysis.png, id=218, 1084.05pt x 481.8pt>
File: Ghost-in-the-Shell/temperature-analysis.png Graphic file (type png)
<use Ghost-in-the-Shell/temperature-analysis.png>
Package pdftex.def Info: Ghost-in-the-Shell/temperature-analysis.png  used on input line 270.
(pdftex.def)             Requested size: 479.99399pt x 213.33064pt.
[14 <./Ghost-in-the-Shell/deface.png (PNG copy)> <./Ghost-in-the-Shell/innards.png (PNG copy)> <./Ghost-in-the-Shell/deshell.png (PNG copy)> <./Ghost-in-the-Shell/temperature-analysis.png>]

LaTeX Warning: Marginpar on page 15 moved.


LaTeX Warning: Marginpar on page 15 moved.


LaTeX Warning: Marginpar on page 15 moved.

<Ghost-in-the-Shell/silhoutte.png, id=227, 1284.8pt x 683.55376pt>
File: Ghost-in-the-Shell/silhoutte.png Graphic file (type png)
<use Ghost-in-the-Shell/silhoutte.png>
Package pdftex.def Info: Ghost-in-the-Shell/silhoutte.png  used on input line 283.
(pdftex.def)             Requested size: 143.99464pt x 76.60965pt.

Overfull \hbox (0.14595pt too wide) in paragraph at lines 288--289
\T1/pplj/m/n/10 (+9) excruciating details by numerous reviewers [] [], I would like to focus 
 []


LaTeX Warning: Marginpar on page 15 moved.


LaTeX Warning: Marginpar on page 15 moved.


LaTeX Warning: Marginpar on page 15 moved.

<Ghost-in-the-Shell/contact.png, id=231, 1284.8pt x 683.55376pt>
File: Ghost-in-the-Shell/contact.png Graphic file (type png)
<use Ghost-in-the-Shell/contact.png>
Package pdftex.def Info: Ghost-in-the-Shell/contact.png  used on input line 291.
(pdftex.def)             Requested size: 296.39958pt x 157.69385pt.
[15 <./Ghost-in-the-Shell/silhoutte.png (PNG copy)> <./Ghost-in-the-Shell/contact.png (PNG copy)>]
<Ghost-in-the-Shell/voice.png, id=247, 1284.8pt x 683.55376pt>
File: Ghost-in-the-Shell/voice.png Graphic file (type png)
<use Ghost-in-the-Shell/voice.png>
Package pdftex.def Info: Ghost-in-the-Shell/voice.png  used on input line 300.
(pdftex.def)             Requested size: 311.98512pt x 165.98584pt.

Underfull \hbox (badness 10000) in paragraph at lines 300--303
[][]
 []


Underfull \hbox (badness 10000) in paragraph at lines 300--303

 []

<Ghost-in-the-Shell/plane.png, id=248, 1284.8pt x 683.55376pt>
File: Ghost-in-the-Shell/plane.png Graphic file (type png)
<use Ghost-in-the-Shell/plane.png>
Package pdftex.def Info: Ghost-in-the-Shell/plane.png  used on input line 306.
(pdftex.def)             Requested size: 143.99464pt x 76.60965pt.

Overfull \hbox (2.32265pt too wide) in paragraph at lines 305--307
 []  
 []

<Ghost-in-the-Shell/fish.png, id=249, 1284.8pt x 683.55376pt>
File: Ghost-in-the-Shell/fish.png Graphic file (type png)
<use Ghost-in-the-Shell/fish.png>
Package pdftex.def Info: Ghost-in-the-Shell/fish.png  used on input line 312.
(pdftex.def)             Requested size: 143.99464pt x 76.60965pt.

Overfull \hbox (2.32265pt too wide) in paragraph at lines 311--313
 []  
 []


LaTeX Warning: Marginpar on page 16 moved.

<Ghost-in-the-Shell/trash.png, id=255, 1284.8pt x 683.55376pt>
File: Ghost-in-the-Shell/trash.png Graphic file (type png)
<use Ghost-in-the-Shell/trash.png>
Package pdftex.def Info: Ghost-in-the-Shell/trash.png  used on input line 321.
(pdftex.def)             Requested size: 143.99464pt x 76.60965pt.
<Ghost-in-the-Shell/mannequin.png, id=256, 1284.8pt x 683.55376pt>
File: Ghost-in-the-Shell/mannequin.png Graphic file (type png)
<use Ghost-in-the-Shell/mannequin.png>
Package pdftex.def Info: Ghost-in-the-Shell/mannequin.png  used on input line 327.
(pdftex.def)             Requested size: 143.99464pt x 76.60965pt.

LaTeX Warning: Marginpar on page 16 moved.

<Ghost-in-the-Shell/splitscreen.png, id=257, 1284.8pt x 683.55376pt>
File: Ghost-in-the-Shell/splitscreen.png Graphic file (type png)
<use Ghost-in-the-Shell/splitscreen.png>
Package pdftex.def Info: Ghost-in-the-Shell/splitscreen.png  used on input line 334.
(pdftex.def)             Requested size: 287.02867pt x 152.70822pt.
[16 <./Ghost-in-the-Shell/voice.png (PNG copy)> <./Ghost-in-the-Shell/plane.png (PNG copy)> <./Ghost-in-the-Shell/fish.png (PNG copy)> <./Ghost-in-the-Shell/trash.png (PNG copy)> <./Ghost-in-the-Shell/mannequin.png (PNG copy)> <./Ghost-in-the-Shell/splitscreen.png>]
<Ghost-in-the-Shell/angel.png, id=263, 1284.8pt x 683.55376pt>
File: Ghost-in-the-Shell/angel.png Graphic file (type png)
<use Ghost-in-the-Shell/angel.png>
Package pdftex.def Info: Ghost-in-the-Shell/angel.png  used on input line 353.
(pdftex.def)             Requested size: 143.99464pt x 76.60965pt.

Overfull \hbox (0.1023pt too wide) in paragraph at lines 359--360
\T1/pplj/m/n/10 (+15) most in-ter-est-ing char-ac-ter arc in this half of the film. Through-out the 
 []

<Ghost-in-the-Shell/arm.png, id=266, 1284.8pt x 683.55376pt>
File: Ghost-in-the-Shell/arm.png Graphic file (type png)
<use Ghost-in-the-Shell/arm.png>
Package pdftex.def Info: Ghost-in-the-Shell/arm.png  used on input line 362.
(pdftex.def)             Requested size: 143.99464pt x 76.60965pt.
(/usr/local/texlive/2018/texmf-dist/tex/latex/microtype/mt-cmr.cfg
File: mt-cmr.cfg 2013/05/19 v2.2 microtype config. file: Computer Modern Roman (RS)
) [17 <./Ghost-in-the-Shell/angel.png (PNG copy)> <./Ghost-in-the-Shell/arm.png (PNG copy)>]
<Ghost-in-the-Shell/fin.png, id=274, 1284.8pt x 683.55376pt>
File: Ghost-in-the-Shell/fin.png Graphic file (type png)
<use Ghost-in-the-Shell/fin.png>
Package pdftex.def Info: Ghost-in-the-Shell/fin.png  used on input line 405.
(pdftex.def)             Requested size: 479.99521pt x 255.37245pt.
 [18 <./Ghost-in-the-Shell/fin.png (PNG copy)>]

LaTeX Warning: Marginpar on page 19 moved.


Overfull \hbox (132.13945pt too wide) in paragraph at lines 421--421
\T1/fvm/m/n/8 the-[]uncanny-[]similarities-[]between-[]ghost-[]in-[]the-[]shell-[]and-[]the-[]matrix$[][]\T1/pplj/m/n/8 (-20) , 
 []


Overfull \hbox (65.1414pt too wide) in paragraph at lines 421--421
\T1/fvm/m/n/8 akira-[]anime-[]kanye-[]west-[]stronger-[]music-[]video-[]movie/$[][]\T1/pplj/m/n/8 (-20) , 
 []

[19

]

LaTeX Warning: Marginpar on page 20 moved.


LaTeX Warning: Marginpar on page 20 moved.


LaTeX Warning: Marginpar on page 20 moved.


Overfull \hbox (0.13208pt too wide) in paragraph at lines 423--424
\T1/pplj/m/n/10 (+19) able num-ber of ob-ser-va-tions re-lated to color in the film, al-most all of 
 []


Overfull \hbox (0.11507pt too wide) in paragraph at lines 423--424
\T1/pplj/m/n/10 (+14) sec-tions. While I learnt a lot about that film's unique take on Zom-bie 
 []


LaTeX Warning: Marginpar on page 20 moved.


LaTeX Warning: Marginpar on page 20 moved.

[20] [21]
Overfull \hbox (0.12471pt too wide) in paragraph at lines 439--440
\T1/pplj/m/n/10 (+17) com-bi-na-tion of Python, Ju-lia and R (in par-tic-u-lar, us-ing the chro-maR 
 []

[22


] (/Users/nalinbhardwaj/Documents/assignments/Spring 2020/LTCS 111/.texpadtmp/paper.lof
Overfull \hbox (5.12854pt too wide) in paragraph at lines 14--14
 [][] [][][]\T1/pplj/m/n/10 (-20) The in-nards of the bar are red, while the out-side world was a shade
 []


Overfull \hbox (0.96288pt too wide) in paragraph at lines 15--15
 [][] [][][]\T1/pplj/m/n/10 (-20) Tetsuo is draped in green dur-ing the first bike chase (be-fore he has
 []


Overfull \hbox (16.28625pt too wide) in paragraph at lines 25--25
 [][] [][][]\T1/pplj/m/n/10 (-20) The tem-per-a-ture anal-y-sis shows two dis-tinct phases in the film.[][] 14 
 []


Underfull \vbox (badness 1348) has occurred while \output is active []

 [23

]
Overfull \hbox (8.92058pt too wide) in paragraph at lines 34--34
 [][] [][][]\T1/pplj/m/n/10 (-20) A guardian an-gel. You can spot the out-line of Ba-tou's arm in the top
 []

)
\tf@lof=\write7
\openout7 = `paper.lof'.

 (/Users/nalinbhardwaj/Documents/assignments/Spring 2020/LTCS 111/.texpadtmp/paper.bbl [24]
LaTeX Font Info:    Font shape `T1/fvm/m/n' will be
(Font)              scaled to size 8.50006pt on input line 11.
pdfTeX warning (ext4): destination with the same identifier (name{cite.fast}) has been already used, duplicate ignored
<to be read again> 
                   \relax 
l.13 \bibitem[Collison()]{fast}
                               pdfTeX warning (ext4): destination with the same identifier (name{cite.cheeky}) has been already used, duplicate ignored
<to be read again> 
                   \relax 
l.18 ...item[Contributors({\natexlab{a}})]{cheeky}
                                                  pdfTeX warning (ext4): destination with the same identifier (name{cite.descartes}) has been already used, duplicate ignored
<to be read again> 
                   \relax 
l.24 ...m[Contributors({\natexlab{b}})]{descartes}
                                                  pdfTeX warning (ext4): destination with the same identifier (name{cite.freytag}) has been already used, duplicate ignored
<to be read again> 
                   \relax 
l.29 ...tem[Contributors({\natexlab{c}})]{freytag}
                                                  pdfTeX warning (ext4): destination with the same identifier (name{cite.theseus}) has been already used, duplicate ignored
<to be read again> 
                   \relax 
l.36 ...tem[Contributors({\natexlab{d}})]{theseus}
                                                  pdfTeX warning (ext4): destination with the same identifier (name{cite.matrix}) has been already used, duplicate ignored
<to be read again> 
                   \relax 
l.41 \bibitem[Elvy(2020)]{matrix}
                                 pdfTeX warning (ext4): destination with the same identifier (name{cite.tumblr}) has been already used, duplicate ignored
<to be read again> 
                   \relax 
l.49 \bibitem[god in a~meat box(2018)]{tumblr}
                                              pdfTeX warning (ext4): destination with the same identifier (name{cite.matrixGitS}) has been already used, duplicate ignored
<to be read again> 
                   \relax 
l.56 \bibitem[Hilburn(2017)]{matrixGitS}
                                        
Overfull \hbox (41.92432pt too wide) in paragraph at lines 57--62
\T1/fvm/m/n/10 the-[]uncanny-[]similarities-[]between-[]ghost-[]in-[]the-[]shell-[]and-[]the-[]matrix$[][]\T1/pplj/m/n/10 (-20) , 
 []

pdfTeX warning (ext4): destination with the same identifier (name{cite.ilya}) has been already used, duplicate ignored
<to be read again> 
                   \relax 
l.63 \bibitem[Kuvshinov()]{ilya}
                                pdfTeX warning (ext4): destination with the same identifier (name{cite.akira-nerdwriter}) has been already used, duplicate ignored
<to be read again> 
                   \relax 
l.68 \bibitem[Nerdwriter(2016)]{akira-nerdwriter}
                                                 pdfTeX warning (ext4): destination with the same identifier (name{cite.stronger}) has been already used, duplicate ignored
<to be read again> 
                   \relax 
l.79 \bibitem[Peters(2018)]{stronger}
                                      [25

]pdfTeX warning (ext4): destination with the same identifier (name{cite.reddit}) has been already used, duplicate ignored
<to be read again> 
                   \relax 
l.93 \bibitem[Users(2018)]{reddit}
                                  )
No file paper.ind.
Package atveryend Info: Empty hook `BeforeClearDocument' on input line 459.
[26]
Package atveryend Info: Empty hook `AfterLastShipout' on input line 459.
 (/Users/nalinbhardwaj/Documents/assignments/Spring 2020/LTCS 111/.texpadtmp/paper.aux)
Package atveryend Info: Executing hook `AtVeryEndDocument' on input line 459.
Package atveryend Info: Executing hook `AtEndAfterFileList' on input line 459.
Package rerunfilecheck Info: File `paper.out' has not changed.
(rerunfilecheck)             Checksum: <no file>.


LaTeX Warning: There were multiply-defined labels.

Package atveryend Info: Empty hook `AtVeryVeryEnd' on input line 459.
 ) 
Here is how much of TeX's memory you used:
 15279 strings out of 492649
 228613 string characters out of 6129621
 459942 words of memory out of 5000000
 18535 multiletter control sequences out of 15000+600000
 111502 words of font info for 311 fonts, out of 8000000 for 9000
 1141 hyphenation exceptions out of 8191
 45i,15n,54p,1825b,468s stack positions out of 5000i,500n,10000p,200000b,80000s
{/usr/local/texlive/2018/texmf-dist/fonts/enc/dvips/cm-super/cm-super-t1.enc}{/usr/local/texlive/2018/texmf-dist/fonts/enc/dvips/base/8r.enc}</usr/local/texlive/2018/texmf-dist/fonts/type1/public/amsfonts/cm/cmr10.pfb></usr/local/texlive/2018/texmf-dist/fonts/type1/public/amsfonts/cm/cmsy10.pfb></usr/local/texlive/2018/texmf-dist/fonts/type1/public/fpl/fplrc8a.pfb></usr/local/texlive/2018/texmf-dist/fonts/type1/public/bera/fvmr8a.pfb></usr/local/texlive/2018/texmf-dist/fonts/type1/public/cm-super/sfbx1000.pfb></usr/local/texlive/2018/texmf-dist/fonts/type1/public/cm-super/sfrm1000.pfb></usr/local/texlive/2018/texmf-dist/fonts/type1/urw/helvetic/uhvr8a.pfb></usr/local/texlive/2018/texmf-dist/fonts/type1/urw/palatino/uplb8a.pfb></usr/local/texlive/2018/texmf-dist/fonts/type1/urw/palatino/uplbi8a.pfb></usr/local/texlive/2018/texmf-dist/fonts/type1/urw/palatino/uplr8a.pfb></usr/local/texlive/2018/texmf-dist/fonts/type1/urw/palatino/uplri8a.pfb>
Output written on "/Users/nalinbhardwaj/Documents/assignments/Spring 2020/LTCS 111/.texpadtmp/paper.pdf" (26 pages, 32143551 bytes).
PDF statistics:
 458 PDF objects out of 1000 (max. 8388607)
 359 compressed objects within 4 object streams
 60 named destinations out of 1000 (max. 500000)
 58145 words of extra memory for PDF output out of 61914 (max. 10000000)

